0 info it worked if it ends with ok
1 verbose cli [ 'node', '/usr/local/bin/npm', 'run', 'deploy' ]
2 info using npm@2.1.17
3 info using node@v0.10.35
4 verbose node symlink /usr/local/bin/node
5 verbose run-script [ 'predeploy', 'deploy', 'postdeploy' ]
6 info predeploy aframe-hello-world-boilerplate@0.3.0
7 info deploy aframe-hello-world-boilerplate@0.3.0
8 verbose unsafe-perm in lifecycle true
9 info aframe-hello-world-boilerplate@0.3.0 Failed to exec deploy script
10 verbose stack Error: aframe-hello-world-boilerplate@0.3.0 deploy: `ghpages`
10 verbose stack Exit status 8
10 verbose stack     at EventEmitter.<anonymous> (/usr/local/lib/node_modules/npm/lib/utils/lifecycle.js:212:16)
10 verbose stack     at EventEmitter.emit (events.js:98:17)
10 verbose stack     at ChildProcess.<anonymous> (/usr/local/lib/node_modules/npm/lib/utils/spawn.js:14:12)
10 verbose stack     at ChildProcess.emit (events.js:98:17)
10 verbose stack     at maybeClose (child_process.js:766:16)
10 verbose stack     at Process.ChildProcess._handle.onexit (child_process.js:833:5)
11 verbose pkgid aframe-hello-world-boilerplate@0.3.0
12 verbose cwd /Users/ajay/workspace/aframe-boilerplate
13 error Darwin 15.4.0
14 error argv "node" "/usr/local/bin/npm" "run" "deploy"
15 error node v0.10.35
16 error npm  v2.1.17
17 error code ELIFECYCLE
18 error aframe-hello-world-boilerplate@0.3.0 deploy: `ghpages`
18 error Exit status 8
19 error Failed at the aframe-hello-world-boilerplate@0.3.0 deploy script 'ghpages'.
19 error This is most likely a problem with the aframe-hello-world-boilerplate package,
19 error not with npm itself.
19 error Tell the author that this fails on your system:
19 error     ghpages
19 error You can get their info via:
19 error     npm owner ls aframe-hello-world-boilerplate
19 error There is likely additional logging output above.
20 verbose exit [ 1, true ]
